{"/Users/macbookpro/pre-client-exchange/pre-client-exchange/src/app.controller.ts": {"path":"/Users/macbookpro/pre-client-exchange/pre-client-exchange/src/app.controller.ts","statementMap":{"0":{"start":{"line":1,"column":0},"end":{"line":1,"column":49}},"1":{"start":{"line":2,"column":0},"end":{"line":2,"column":43}},"2":{"start":{"line":5,"column":7},"end":{"line":12,"column":null}},"3":{"start":{"line":6,"column":31},"end":{"line":6,"column":43}},"4":{"start":{"line":10,"column":4},"end":{"line":10,"column":38}},"5":{"start":{"line":5,"column":13},"end":{"line":5,"column":26}},"6":{"start":{"line":9,"column":2},"end":{"line":11,"column":null}},"7":{"start":{"line":5,"column":13},"end":{"line":12,"column":null}}},"fnMap":{"0":{"name":"(anonymous_2)","decl":{"start":{"line":6,"column":2},"end":{"line":6,"column":31}},"loc":{"start":{"line":6,"column":53},"end":{"line":6,"column":57}}},"1":{"name":"(anonymous_3)","decl":{"start":{"line":9,"column":2},"end":{"line":9,"column":10}},"loc":{"start":{"line":9,"column":10},"end":{"line":11,"column":3}}}},"branchMap":{},"s":{"0":1,"1":1,"2":1,"3":1,"4":1,"5":1,"6":1,"7":1},"f":{"0":1,"1":1},"b":{}}
,"/Users/macbookpro/pre-client-exchange/pre-client-exchange/src/app.module.ts": {"path":"/Users/macbookpro/pre-client-exchange/pre-client-exchange/src/app.module.ts","statementMap":{"0":{"start":{"line":2,"column":0},"end":{"line":2,"column":40}},"1":{"start":{"line":3,"column":0},"end":{"line":3,"column":49}},"2":{"start":{"line":4,"column":0},"end":{"line":4,"column":43}},"3":{"start":{"line":5,"column":0},"end":{"line":5,"column":48}},"4":{"start":{"line":6,"column":0},"end":{"line":6,"column":62}},"5":{"start":{"line":7,"column":0},"end":{"line":7,"column":105}},"6":{"start":{"line":8,"column":0},"end":{"line":8,"column":73}},"7":{"start":{"line":9,"column":0},"end":{"line":9,"column":56}},"8":{"start":{"line":10,"column":0},"end":{"line":10,"column":52}},"9":{"start":{"line":11,"column":0},"end":{"line":11,"column":68}},"10":{"start":{"line":40,"column":7},"end":{"line":40,"column":null}},"11":{"start":{"line":40,"column":13},"end":{"line":40,"column":22}},"12":{"start":{"line":40,"column":13},"end":{"line":40,"column":null}}},"fnMap":{},"branchMap":{},"s":{"0":0,"1":0,"2":0,"3":0,"4":0,"5":0,"6":0,"7":0,"8":0,"9":0,"10":0,"11":0,"12":0},"f":{},"b":{}}
,"/Users/macbookpro/pre-client-exchange/pre-client-exchange/src/app.service.ts": {"path":"/Users/macbookpro/pre-client-exchange/pre-client-exchange/src/app.service.ts","statementMap":{"0":{"start":{"line":1,"column":0},"end":{"line":1,"column":44}},"1":{"start":{"line":4,"column":7},"end":{"line":8,"column":null}},"2":{"start":{"line":6,"column":4},"end":{"line":6,"column":26}},"3":{"start":{"line":4,"column":13},"end":{"line":4,"column":23}},"4":{"start":{"line":4,"column":13},"end":{"line":8,"column":null}}},"fnMap":{"0":{"name":"(anonymous_1)","decl":{"start":{"line":5,"column":2},"end":{"line":5,"column":10}},"loc":{"start":{"line":5,"column":10},"end":{"line":7,"column":3}}}},"branchMap":{},"s":{"0":1,"1":1,"2":1,"3":1,"4":1},"f":{"0":1},"b":{}}
,"/Users/macbookpro/pre-client-exchange/pre-client-exchange/src/main.ts": {"path":"/Users/macbookpro/pre-client-exchange/pre-client-exchange/src/main.ts","statementMap":{"0":{"start":{"line":1,"column":0},"end":{"line":1,"column":43}},"1":{"start":{"line":2,"column":0},"end":{"line":2,"column":41}},"2":{"start":{"line":5,"column":14},"end":{"line":5,"column":49}},"3":{"start":{"line":6,"column":2},"end":{"line":6,"column":25}},"4":{"start":{"line":8,"column":0},"end":{"line":8,"column":12}}},"fnMap":{"0":{"name":"bootstrap","decl":{"start":{"line":4,"column":15},"end":{"line":4,"column":24}},"loc":{"start":{"line":4,"column":24},"end":{"line":7,"column":1}}}},"branchMap":{},"s":{"0":0,"1":0,"2":0,"3":0,"4":0},"f":{"0":0},"b":{}}
,"/Users/macbookpro/pre-client-exchange/pre-client-exchange/src/common/constants/constants.ts": {"path":"/Users/macbookpro/pre-client-exchange/pre-client-exchange/src/common/constants/constants.ts","statementMap":{"0":{"start":{"line":1,"column":13},"end":{"line":1,"column":43}}},"fnMap":{},"branchMap":{},"s":{"0":4},"f":{},"b":{}}
,"/Users/macbookpro/pre-client-exchange/pre-client-exchange/src/common/enums/order-direction.enum.ts": {"path":"/Users/macbookpro/pre-client-exchange/pre-client-exchange/src/common/enums/order-direction.enum.ts","statementMap":{"0":{"start":{"line":3,"column":0},"end":{"line":3,"column":null}},"1":{"start":{"line":4,"column":4},"end":{"line":4,"column":null}},"2":{"start":{"line":5,"column":4},"end":{"line":5,"column":null}}},"fnMap":{"0":{"name":"(anonymous_0)","decl":{"start":{"line":3,"column":0},"end":{"line":3,"column":12}},"loc":{"start":{"line":3,"column":26},"end":{"line":6,"column":1}}}},"branchMap":{"0":{"loc":{"start":{"line":3,"column":12},"end":{"line":3,"column":null}},"type":"binary-expr","locations":[{"start":{"line":3,"column":12},"end":{"line":3,"column":26}},{"start":{"line":3,"column":26},"end":{"line":3,"column":null}}]}},"s":{"0":2,"1":2,"2":2},"f":{"0":2},"b":{"0":[2,2]}}
,"/Users/macbookpro/pre-client-exchange/pre-client-exchange/src/common/enums/order-status.enum.ts": {"path":"/Users/macbookpro/pre-client-exchange/pre-client-exchange/src/common/enums/order-status.enum.ts","statementMap":{"0":{"start":{"line":3,"column":0},"end":{"line":3,"column":null}},"1":{"start":{"line":4,"column":4},"end":{"line":4,"column":null}},"2":{"start":{"line":5,"column":4},"end":{"line":5,"column":null}}},"fnMap":{"0":{"name":"(anonymous_0)","decl":{"start":{"line":3,"column":0},"end":{"line":3,"column":12}},"loc":{"start":{"line":3,"column":23},"end":{"line":6,"column":1}}}},"branchMap":{"0":{"loc":{"start":{"line":3,"column":12},"end":{"line":3,"column":null}},"type":"binary-expr","locations":[{"start":{"line":3,"column":12},"end":{"line":3,"column":23}},{"start":{"line":3,"column":23},"end":{"line":3,"column":null}}]}},"s":{"0":2,"1":2,"2":2},"f":{"0":2},"b":{"0":[2,2]}}
,"/Users/macbookpro/pre-client-exchange/pre-client-exchange/src/modules/aggregated-order-book/aggregated-order-book.controller.ts": {"path":"/Users/macbookpro/pre-client-exchange/pre-client-exchange/src/modules/aggregated-order-book/aggregated-order-book.controller.ts","statementMap":{"0":{"start":{"line":2,"column":0},"end":{"line":2,"column":56}},"1":{"start":{"line":3,"column":0},"end":{"line":3,"column":77}},"2":{"start":{"line":8,"column":7},"end":{"line":20,"column":null}},"3":{"start":{"line":10,"column":12},"end":{"line":10,"column":40}},"4":{"start":{"line":17,"column":19},"end":{"line":17,"column":85}},"5":{"start":{"line":18,"column":4},"end":{"line":18,"column":18}},"6":{"start":{"line":8,"column":13},"end":{"line":8,"column":42}},"7":{"start":{"line":16,"column":8},"end":{"line":19,"column":null}},"8":{"start":{"line":8,"column":13},"end":{"line":20,"column":null}}},"fnMap":{"0":{"name":"(anonymous_4)","decl":{"start":{"line":9,"column":2},"end":{"line":9,"column":null}},"loc":{"start":{"line":10,"column":66},"end":{"line":11,"column":6}}},"1":{"name":"(anonymous_5)","decl":{"start":{"line":16,"column":2},"end":{"line":16,"column":7}},"loc":{"start":{"line":16,"column":60},"end":{"line":19,"column":3}}}},"branchMap":{},"s":{"0":1,"1":1,"2":1,"3":4,"4":0,"5":0,"6":1,"7":1,"8":1},"f":{"0":4,"1":0},"b":{}}
,"/Users/macbookpro/pre-client-exchange/pre-client-exchange/src/modules/aggregated-order-book/aggregated-order-book.module.ts": {"path":"/Users/macbookpro/pre-client-exchange/pre-client-exchange/src/modules/aggregated-order-book/aggregated-order-book.module.ts","statementMap":{"0":{"start":{"line":1,"column":0},"end":{"line":1,"column":40}},"1":{"start":{"line":2,"column":0},"end":{"line":2,"column":83}},"2":{"start":{"line":3,"column":0},"end":{"line":3,"column":77}},"3":{"start":{"line":4,"column":0},"end":{"line":4,"column":48}},"4":{"start":{"line":5,"column":0},"end":{"line":5,"column":76}},"5":{"start":{"line":6,"column":0},"end":{"line":6,"column":61}},"6":{"start":{"line":13,"column":7},"end":{"line":13,"column":null}},"7":{"start":{"line":13,"column":13},"end":{"line":13,"column":38}},"8":{"start":{"line":13,"column":13},"end":{"line":13,"column":null}}},"fnMap":{},"branchMap":{},"s":{"0":0,"1":0,"2":0,"3":0,"4":0,"5":0,"6":0,"7":0,"8":0},"f":{},"b":{}}
,"/Users/macbookpro/pre-client-exchange/pre-client-exchange/src/modules/aggregated-order-book/aggregated-order-book.service.ts": {"path":"/Users/macbookpro/pre-client-exchange/pre-client-exchange/src/modules/aggregated-order-book/aggregated-order-book.service.ts","statementMap":{"0":{"start":{"line":2,"column":0},"end":{"line":2,"column":44}},"1":{"start":{"line":3,"column":0},"end":{"line":3,"column":61}},"2":{"start":{"line":5,"column":0},"end":{"line":5,"column":66}},"3":{"start":{"line":9,"column":7},"end":{"line":44,"column":null}},"4":{"start":{"line":10,"column":31},"end":{"line":10,"column":45}},"5":{"start":{"line":14,"column":36},"end":{"line":14,"column":59}},"6":{"start":{"line":16,"column":32},"end":{"line":22,"column":23}},"7":{"start":{"line":17,"column":26},"end":{"line":21,"column":8}},"8":{"start":{"line":24,"column":33},"end":{"line":30,"column":23}},"9":{"start":{"line":25,"column":27},"end":{"line":29,"column":8}},"10":{"start":{"line":32,"column":4},"end":{"line":32,"column":57}},"11":{"start":{"line":36,"column":36},"end":{"line":36,"column":79}},"12":{"start":{"line":38,"column":4},"end":{"line":38,"column":58}},"13":{"start":{"line":38,"column":39},"end":{"line":38,"column":56}},"14":{"start":{"line":39,"column":4},"end":{"line":39,"column":59}},"15":{"start":{"line":39,"column":40},"end":{"line":39,"column":57}},"16":{"start":{"line":41,"column":4},"end":{"line":41,"column":66}},"17":{"start":{"line":42,"column":4},"end":{"line":42,"column":21}},"18":{"start":{"line":9,"column":13},"end":{"line":9,"column":39}},"19":{"start":{"line":9,"column":13},"end":{"line":44,"column":null}}},"fnMap":{"0":{"name":"(anonymous_2)","decl":{"start":{"line":10,"column":2},"end":{"line":10,"column":31}},"loc":{"start":{"line":10,"column":57},"end":{"line":10,"column":61}}},"1":{"name":"(anonymous_3)","decl":{"start":{"line":12,"column":2},"end":{"line":12,"column":7}},"loc":{"start":{"line":12,"column":43},"end":{"line":33,"column":3}}},"2":{"name":"(anonymous_4)","decl":{"start":{"line":17,"column":11},"end":{"line":17,"column":12}},"loc":{"start":{"line":17,"column":26},"end":{"line":21,"column":8}}},"3":{"name":"(anonymous_5)","decl":{"start":{"line":25,"column":11},"end":{"line":25,"column":12}},"loc":{"start":{"line":25,"column":27},"end":{"line":29,"column":8}}},"4":{"name":"(anonymous_6)","decl":{"start":{"line":35,"column":10},"end":{"line":35,"column":15}},"loc":{"start":{"line":35,"column":26},"end":{"line":43,"column":3}}},"5":{"name":"(anonymous_7)","decl":{"start":{"line":38,"column":29},"end":{"line":38,"column":30}},"loc":{"start":{"line":38,"column":39},"end":{"line":38,"column":56}}},"6":{"name":"(anonymous_8)","decl":{"start":{"line":39,"column":30},"end":{"line":39,"column":31}},"loc":{"start":{"line":39,"column":40},"end":{"line":39,"column":57}}}},"branchMap":{},"s":{"0":2,"1":2,"2":2,"3":2,"4":4,"5":1,"6":1,"7":2,"8":1,"9":2,"10":1,"11":1,"12":1,"13":1,"14":1,"15":1,"16":1,"17":1,"18":2,"19":2},"f":{"0":4,"1":1,"2":2,"3":2,"4":1,"5":1,"6":1},"b":{}}
,"/Users/macbookpro/pre-client-exchange/pre-client-exchange/src/modules/aggregated-order-book/dto/aggregated-order-book.dto.ts": {"path":"/Users/macbookpro/pre-client-exchange/pre-client-exchange/src/modules/aggregated-order-book/dto/aggregated-order-book.dto.ts","statementMap":{"0":{"start":{"line":6,"column":0},"end":{"line":6,"column":13}}},"fnMap":{},"branchMap":{},"s":{"0":0},"f":{},"b":{}}
,"/Users/macbookpro/pre-client-exchange/pre-client-exchange/src/modules/aggregated-order-book/entity/aggregated-order-book.entity.ts": {"path":"/Users/macbookpro/pre-client-exchange/pre-client-exchange/src/modules/aggregated-order-book/entity/aggregated-order-book.entity.ts","statementMap":{"0":{"start":{"line":3,"column":0},"end":{"line":3,"column":98}},"1":{"start":{"line":4,"column":0},"end":{"line":4,"column":76}},"2":{"start":{"line":7,"column":7},"end":{"line":21,"column":null}},"3":{"start":{"line":7,"column":13},"end":{"line":7,"column":32}},"4":{"start":{"line":9,"column":2},"end":{"line":9,"column":null}},"5":{"start":{"line":12,"column":2},"end":{"line":12,"column":null}},"6":{"start":{"line":15,"column":2},"end":{"line":15,"column":null}},"7":{"start":{"line":14,"column":19},"end":{"line":14,"column":33}},"8":{"start":{"line":14,"column":44},"end":{"line":14,"column":67}},"9":{"start":{"line":20,"column":2},"end":{"line":20,"column":null}},"10":{"start":{"line":18,"column":19},"end":{"line":18,"column":33}},"11":{"start":{"line":18,"column":45},"end":{"line":18,"column":69}},"12":{"start":{"line":7,"column":13},"end":{"line":21,"column":null}}},"fnMap":{"0":{"name":"(anonymous_2)","decl":{"start":{"line":14,"column":13},"end":{"line":14,"column":16}},"loc":{"start":{"line":14,"column":19},"end":{"line":14,"column":33}}},"1":{"name":"(anonymous_3)","decl":{"start":{"line":14,"column":35},"end":{"line":14,"column":36}},"loc":{"start":{"line":14,"column":44},"end":{"line":14,"column":67}}},"2":{"name":"(anonymous_4)","decl":{"start":{"line":18,"column":13},"end":{"line":18,"column":16}},"loc":{"start":{"line":18,"column":19},"end":{"line":18,"column":33}}},"3":{"name":"(anonymous_5)","decl":{"start":{"line":18,"column":35},"end":{"line":18,"column":36}},"loc":{"start":{"line":18,"column":45},"end":{"line":18,"column":69}}}},"branchMap":{},"s":{"0":0,"1":0,"2":0,"3":0,"4":0,"5":0,"6":0,"7":0,"8":0,"9":0,"10":0,"11":0,"12":0},"f":{"0":0,"1":0,"2":0,"3":0},"b":{}}
,"/Users/macbookpro/pre-client-exchange/pre-client-exchange/src/modules/order-book/order-book.controller.ts": {"path":"/Users/macbookpro/pre-client-exchange/pre-client-exchange/src/modules/order-book/order-book.controller.ts","statementMap":{"0":{"start":{"line":2,"column":1},"end":{"line":2,"column":45}},"1":{"start":{"line":5,"column":7},"end":{"line":5,"column":null}},"2":{"start":{"line":5,"column":13},"end":{"line":5,"column":32}},"3":{"start":{"line":5,"column":13},"end":{"line":5,"column":null}}},"fnMap":{},"branchMap":{},"s":{"0":1,"1":1,"2":1,"3":1},"f":{},"b":{}}
,"/Users/macbookpro/pre-client-exchange/pre-client-exchange/src/modules/order-book/order-book.module.ts": {"path":"/Users/macbookpro/pre-client-exchange/pre-client-exchange/src/modules/order-book/order-book.module.ts","statementMap":{"0":{"start":{"line":1,"column":0},"end":{"line":1,"column":40}},"1":{"start":{"line":2,"column":0},"end":{"line":2,"column":62}},"2":{"start":{"line":3,"column":0},"end":{"line":3,"column":56}},"3":{"start":{"line":4,"column":0},"end":{"line":4,"column":48}},"4":{"start":{"line":6,"column":0},"end":{"line":6,"column":54}},"5":{"start":{"line":7,"column":0},"end":{"line":7,"column":70}},"6":{"start":{"line":14,"column":7},"end":{"line":14,"column":null}},"7":{"start":{"line":14,"column":13},"end":{"line":14,"column":28}},"8":{"start":{"line":14,"column":13},"end":{"line":14,"column":null}}},"fnMap":{},"branchMap":{},"s":{"0":0,"1":0,"2":0,"3":0,"4":0,"5":0,"6":0,"7":0,"8":0},"f":{},"b":{}}
,"/Users/macbookpro/pre-client-exchange/pre-client-exchange/src/modules/order-book/order-book.service.ts": {"path":"/Users/macbookpro/pre-client-exchange/pre-client-exchange/src/modules/order-book/order-book.service.ts","statementMap":{"0":{"start":{"line":2,"column":1},"end":{"line":2,"column":45}},"1":{"start":{"line":5,"column":7},"end":{"line":8,"column":null}},"2":{"start":{"line":5,"column":13},"end":{"line":5,"column":29}},"3":{"start":{"line":5,"column":13},"end":{"line":8,"column":null}}},"fnMap":{},"branchMap":{},"s":{"0":1,"1":1,"2":1,"3":1},"f":{},"b":{}}
,"/Users/macbookpro/pre-client-exchange/pre-client-exchange/src/modules/order-book-entry/order-book-entry.controller.ts": {"path":"/Users/macbookpro/pre-client-exchange/pre-client-exchange/src/modules/order-book-entry/order-book-entry.controller.ts","statementMap":{"0":{"start":{"line":1,"column":0},"end":{"line":1,"column":44}},"1":{"start":{"line":4,"column":7},"end":{"line":4,"column":null}},"2":{"start":{"line":4,"column":13},"end":{"line":4,"column":37}},"3":{"start":{"line":4,"column":13},"end":{"line":4,"column":null}}},"fnMap":{},"branchMap":{},"s":{"0":1,"1":1,"2":1,"3":1},"f":{},"b":{}}
,"/Users/macbookpro/pre-client-exchange/pre-client-exchange/src/modules/order-book-entry/order-book-entry.module.ts": {"path":"/Users/macbookpro/pre-client-exchange/pre-client-exchange/src/modules/order-book-entry/order-book-entry.module.ts","statementMap":{"0":{"start":{"line":1,"column":0},"end":{"line":1,"column":40}},"1":{"start":{"line":2,"column":0},"end":{"line":2,"column":73}},"2":{"start":{"line":3,"column":0},"end":{"line":3,"column":67}},"3":{"start":{"line":9,"column":7},"end":{"line":9,"column":null}},"4":{"start":{"line":9,"column":13},"end":{"line":9,"column":33}},"5":{"start":{"line":9,"column":13},"end":{"line":9,"column":null}}},"fnMap":{},"branchMap":{},"s":{"0":0,"1":0,"2":0,"3":0,"4":0,"5":0},"f":{},"b":{}}
,"/Users/macbookpro/pre-client-exchange/pre-client-exchange/src/modules/order-book-entry/order-book-entry.service.ts": {"path":"/Users/macbookpro/pre-client-exchange/pre-client-exchange/src/modules/order-book-entry/order-book-entry.service.ts","statementMap":{"0":{"start":{"line":1,"column":0},"end":{"line":1,"column":44}},"1":{"start":{"line":4,"column":7},"end":{"line":4,"column":null}},"2":{"start":{"line":4,"column":13},"end":{"line":4,"column":34}},"3":{"start":{"line":4,"column":13},"end":{"line":4,"column":null}}},"fnMap":{},"branchMap":{},"s":{"0":1,"1":1,"2":1,"3":1},"f":{},"b":{}}
,"/Users/macbookpro/pre-client-exchange/pre-client-exchange/src/modules/order-book-entry/entity/order-book-entry.entity.ts": {"path":"/Users/macbookpro/pre-client-exchange/pre-client-exchange/src/modules/order-book-entry/entity/order-book-entry.entity.ts","statementMap":{"0":{"start":{"line":3,"column":0},"end":{"line":3,"column":113}},"1":{"start":{"line":4,"column":0},"end":{"line":4,"column":76}},"2":{"start":{"line":7,"column":7},"end":{"line":24,"column":null}},"3":{"start":{"line":7,"column":13},"end":{"line":7,"column":27}},"4":{"start":{"line":9,"column":2},"end":{"line":9,"column":null}},"5":{"start":{"line":12,"column":2},"end":{"line":12,"column":null}},"6":{"start":{"line":15,"column":2},"end":{"line":15,"column":null}},"7":{"start":{"line":20,"column":2},"end":{"line":20,"column":null}},"8":{"start":{"line":18,"column":19},"end":{"line":18,"column":38}},"9":{"start":{"line":18,"column":65},"end":{"line":18,"column":88}},"10":{"start":{"line":19,"column":19},"end":{"line":19,"column":38}},"11":{"start":{"line":19,"column":65},"end":{"line":19,"column":89}},"12":{"start":{"line":7,"column":13},"end":{"line":24,"column":null}}},"fnMap":{"0":{"name":"(anonymous_2)","decl":{"start":{"line":18,"column":13},"end":{"line":18,"column":16}},"loc":{"start":{"line":18,"column":19},"end":{"line":18,"column":38}}},"1":{"name":"(anonymous_3)","decl":{"start":{"line":18,"column":40},"end":{"line":18,"column":41}},"loc":{"start":{"line":18,"column":65},"end":{"line":18,"column":88}}},"2":{"name":"(anonymous_4)","decl":{"start":{"line":19,"column":13},"end":{"line":19,"column":16}},"loc":{"start":{"line":19,"column":19},"end":{"line":19,"column":38}}},"3":{"name":"(anonymous_5)","decl":{"start":{"line":19,"column":40},"end":{"line":19,"column":41}},"loc":{"start":{"line":19,"column":65},"end":{"line":19,"column":89}}}},"branchMap":{},"s":{"0":0,"1":0,"2":0,"3":0,"4":0,"5":0,"6":0,"7":0,"8":0,"9":0,"10":0,"11":0,"12":0},"f":{"0":0,"1":0,"2":0,"3":0},"b":{}}
,"/Users/macbookpro/pre-client-exchange/pre-client-exchange/src/modules/order-book/dto/order-book.dto.ts": {"path":"/Users/macbookpro/pre-client-exchange/pre-client-exchange/src/modules/order-book/dto/order-book.dto.ts","statementMap":{"0":{"start":{"line":5,"column":0},"end":{"line":5,"column":13}}},"fnMap":{},"branchMap":{},"s":{"0":0},"f":{},"b":{}}
,"/Users/macbookpro/pre-client-exchange/pre-client-exchange/src/modules/order-match/order-match.controller.ts": {"path":"/Users/macbookpro/pre-client-exchange/pre-client-exchange/src/modules/order-match/order-match.controller.ts","statementMap":{"0":{"start":{"line":1,"column":0},"end":{"line":1,"column":44}},"1":{"start":{"line":4,"column":7},"end":{"line":4,"column":null}},"2":{"start":{"line":4,"column":13},"end":{"line":4,"column":33}},"3":{"start":{"line":4,"column":13},"end":{"line":4,"column":null}}},"fnMap":{},"branchMap":{},"s":{"0":1,"1":1,"2":1,"3":1},"f":{},"b":{}}
,"/Users/macbookpro/pre-client-exchange/pre-client-exchange/src/modules/order-match/order-match.module.ts": {"path":"/Users/macbookpro/pre-client-exchange/pre-client-exchange/src/modules/order-match/order-match.module.ts","statementMap":{"0":{"start":{"line":1,"column":0},"end":{"line":1,"column":40}},"1":{"start":{"line":2,"column":0},"end":{"line":2,"column":64}},"2":{"start":{"line":3,"column":0},"end":{"line":3,"column":58}},"3":{"start":{"line":9,"column":7},"end":{"line":9,"column":null}},"4":{"start":{"line":9,"column":13},"end":{"line":9,"column":29}},"5":{"start":{"line":9,"column":13},"end":{"line":9,"column":null}}},"fnMap":{},"branchMap":{},"s":{"0":0,"1":0,"2":0,"3":0,"4":0,"5":0},"f":{},"b":{}}
,"/Users/macbookpro/pre-client-exchange/pre-client-exchange/src/modules/order-match/order-match.service.ts": {"path":"/Users/macbookpro/pre-client-exchange/pre-client-exchange/src/modules/order-match/order-match.service.ts","statementMap":{"0":{"start":{"line":1,"column":0},"end":{"line":1,"column":44}},"1":{"start":{"line":4,"column":7},"end":{"line":4,"column":null}},"2":{"start":{"line":4,"column":13},"end":{"line":4,"column":30}},"3":{"start":{"line":4,"column":13},"end":{"line":4,"column":null}}},"fnMap":{},"branchMap":{},"s":{"0":1,"1":1,"2":1,"3":1},"f":{},"b":{}}
,"/Users/macbookpro/pre-client-exchange/pre-client-exchange/src/modules/order-match/dto/order-match.dto.ts": {"path":"/Users/macbookpro/pre-client-exchange/pre-client-exchange/src/modules/order-match/dto/order-match.dto.ts","statementMap":{"0":{"start":{"line":4,"column":0},"end":{"line":4,"column":13}}},"fnMap":{},"branchMap":{},"s":{"0":0},"f":{},"b":{}}
,"/Users/macbookpro/pre-client-exchange/pre-client-exchange/src/modules/order-match/entity/order-match.entity.ts": {"path":"/Users/macbookpro/pre-client-exchange/pre-client-exchange/src/modules/order-match/entity/order-match.entity.ts","statementMap":{"0":{"start":{"line":3,"column":0},"end":{"line":3,"column":68}},"1":{"start":{"line":4,"column":0},"end":{"line":4,"column":76}},"2":{"start":{"line":7,"column":7},"end":{"line":28,"column":null}},"3":{"start":{"line":7,"column":13},"end":{"line":7,"column":23}},"4":{"start":{"line":9,"column":2},"end":{"line":9,"column":null}},"5":{"start":{"line":12,"column":2},"end":{"line":12,"column":null}},"6":{"start":{"line":15,"column":2},"end":{"line":15,"column":null}},"7":{"start":{"line":18,"column":2},"end":{"line":18,"column":null}},"8":{"start":{"line":21,"column":2},"end":{"line":21,"column":null}},"9":{"start":{"line":24,"column":2},"end":{"line":24,"column":null}},"10":{"start":{"line":23,"column":46},"end":{"line":23,"column":65}},"11":{"start":{"line":27,"column":2},"end":{"line":27,"column":null}},"12":{"start":{"line":26,"column":19},"end":{"line":26,"column":24}},"13":{"start":{"line":26,"column":37},"end":{"line":26,"column":50}},"14":{"start":{"line":7,"column":13},"end":{"line":28,"column":null}}},"fnMap":{"0":{"name":"(anonymous_2)","decl":{"start":{"line":23,"column":40},"end":{"line":23,"column":43}},"loc":{"start":{"line":23,"column":46},"end":{"line":23,"column":65}}},"1":{"name":"(anonymous_3)","decl":{"start":{"line":26,"column":13},"end":{"line":26,"column":16}},"loc":{"start":{"line":26,"column":19},"end":{"line":26,"column":24}}},"2":{"name":"(anonymous_4)","decl":{"start":{"line":26,"column":26},"end":{"line":26,"column":27}},"loc":{"start":{"line":26,"column":37},"end":{"line":26,"column":50}}}},"branchMap":{},"s":{"0":2,"1":2,"2":2,"3":2,"4":2,"5":2,"6":2,"7":2,"8":2,"9":2,"10":0,"11":2,"12":0,"13":0,"14":2},"f":{"0":0,"1":0,"2":0},"b":{}}
,"/Users/macbookpro/pre-client-exchange/pre-client-exchange/src/modules/orders/orders.controller.ts": {"path":"/Users/macbookpro/pre-client-exchange/pre-client-exchange/src/modules/orders/orders.controller.ts","statementMap":{"0":{"start":{"line":3,"column":0},"end":{"line":3,"column":null}},"1":{"start":{"line":13,"column":0},"end":{"line":13,"column":49}},"2":{"start":{"line":14,"column":0},"end":{"line":14,"column":73}},"3":{"start":{"line":15,"column":0},"end":{"line":15,"column":67}},"4":{"start":{"line":19,"column":7},"end":{"line":78,"column":null}},"5":{"start":{"line":20,"column":22},"end":{"line":20,"column":37}},"6":{"start":{"line":26,"column":4},"end":{"line":26,"column":50}},"7":{"start":{"line":34,"column":4},"end":{"line":40,"column":5}},"8":{"start":{"line":39,"column":6},"end":{"line":39,"column":61}},"9":{"start":{"line":42,"column":23},"end":{"line":44,"column":49}},"10":{"start":{"line":44,"column":18},"end":{"line":44,"column":48}},"11":{"start":{"line":45,"column":26},"end":{"line":45,"column":52}},"12":{"start":{"line":47,"column":4},"end":{"line":49,"column":5}},"13":{"start":{"line":47,"column":31},"end":{"line":47,"column":57}},"14":{"start":{"line":48,"column":6},"end":{"line":48,"column":58}},"15":{"start":{"line":51,"column":4},"end":{"line":54,"column":6}},"16":{"start":{"line":67,"column":45},"end":{"line":67,"column":49}},"17":{"start":{"line":69,"column":19},"end":{"line":73,"column":null}},"18":{"start":{"line":76,"column":4},"end":{"line":76,"column":18}},"19":{"start":{"line":19,"column":13},"end":{"line":19,"column":29}},"20":{"start":{"line":23,"column":8},"end":{"line":27,"column":null}},"21":{"start":{"line":30,"column":8},"end":{"line":55,"column":null}},"22":{"start":{"line":58,"column":8},"end":{"line":77,"column":null}},"23":{"start":{"line":19,"column":13},"end":{"line":78,"column":null}}},"fnMap":{"0":{"name":"(anonymous_4)","decl":{"start":{"line":20,"column":2},"end":{"line":20,"column":22}},"loc":{"start":{"line":20,"column":50},"end":{"line":20,"column":54}}},"1":{"name":"(anonymous_5)","decl":{"start":{"line":23,"column":2},"end":{"line":23,"column":7}},"loc":{"start":{"line":24,"column":41},"end":{"line":27,"column":3}}},"2":{"name":"(anonymous_6)","decl":{"start":{"line":30,"column":2},"end":{"line":30,"column":7}},"loc":{"start":{"line":32,"column":40},"end":{"line":55,"column":3}}},"3":{"name":"(anonymous_7)","decl":{"start":{"line":44,"column":11},"end":{"line":44,"column":12}},"loc":{"start":{"line":44,"column":18},"end":{"line":44,"column":48}}},"4":{"name":"(anonymous_8)","decl":{"start":{"line":47,"column":24},"end":{"line":47,"column":25}},"loc":{"start":{"line":47,"column":31},"end":{"line":47,"column":57}}},"5":{"name":"(anonymous_9)","decl":{"start":{"line":58,"column":2},"end":{"line":58,"column":7}},"loc":{"start":{"line":65,"column":5},"end":{"line":77,"column":3}}}},"branchMap":{"0":{"loc":{"start":{"line":34,"column":4},"end":{"line":40,"column":5}},"type":"if","locations":[{"start":{"line":34,"column":4},"end":{"line":40,"column":5}}]},"1":{"loc":{"start":{"line":47,"column":4},"end":{"line":49,"column":5}},"type":"if","locations":[{"start":{"line":47,"column":4},"end":{"line":49,"column":5}}]}},"s":{"0":1,"1":1,"2":1,"3":1,"4":1,"5":12,"6":2,"7":8,"8":0,"9":8,"10":8,"11":8,"12":8,"13":8,"14":0,"15":8,"16":1,"17":1,"18":1,"19":1,"20":1,"21":1,"22":1,"23":1},"f":{"0":12,"1":2,"2":8,"3":8,"4":8,"5":1},"b":{"0":[0],"1":[0]}}
,"/Users/macbookpro/pre-client-exchange/pre-client-exchange/src/modules/orders/orders.module.ts": {"path":"/Users/macbookpro/pre-client-exchange/pre-client-exchange/src/modules/orders/orders.module.ts","statementMap":{"0":{"start":{"line":2,"column":0},"end":{"line":2,"column":40}},"1":{"start":{"line":3,"column":0},"end":{"line":3,"column":49}},"2":{"start":{"line":4,"column":0},"end":{"line":4,"column":55}},"3":{"start":{"line":5,"column":0},"end":{"line":5,"column":48}},"4":{"start":{"line":6,"column":0},"end":{"line":6,"column":46}},"5":{"start":{"line":7,"column":0},"end":{"line":7,"column":70}},"6":{"start":{"line":8,"column":0},"end":{"line":8,"column":61}},"7":{"start":{"line":15,"column":7},"end":{"line":15,"column":null}},"8":{"start":{"line":15,"column":13},"end":{"line":15,"column":25}},"9":{"start":{"line":15,"column":13},"end":{"line":15,"column":null}}},"fnMap":{},"branchMap":{},"s":{"0":0,"1":0,"2":0,"3":0,"4":0,"5":0,"6":0,"7":0,"8":0,"9":0},"f":{},"b":{}}
,"/Users/macbookpro/pre-client-exchange/pre-client-exchange/src/modules/orders/orders.service.ts": {"path":"/Users/macbookpro/pre-client-exchange/pre-client-exchange/src/modules/orders/orders.service.ts","statementMap":{"0":{"start":{"line":2,"column":0},"end":{"line":2,"column":63}},"1":{"start":{"line":3,"column":0},"end":{"line":3,"column":51}},"2":{"start":{"line":4,"column":0},"end":{"line":4,"column":41}},"3":{"start":{"line":5,"column":0},"end":{"line":5,"column":46}},"4":{"start":{"line":6,"column":0},"end":{"line":6,"column":73}},"5":{"start":{"line":7,"column":0},"end":{"line":7,"column":67}},"6":{"start":{"line":8,"column":0},"end":{"line":8,"column":70}},"7":{"start":{"line":9,"column":0},"end":{"line":9,"column":61}},"8":{"start":{"line":11,"column":0},"end":{"line":11,"column":66}},"9":{"start":{"line":14,"column":7},"end":{"line":335,"column":null}},"10":{"start":{"line":16,"column":37},"end":{"line":16,"column":54}},"11":{"start":{"line":18,"column":21},"end":{"line":18,"column":43}},"12":{"start":{"line":19,"column":21},"end":{"line":19,"column":35}},"13":{"start":{"line":24,"column":6},"end":{"line":24,"column":49}},"14":{"start":{"line":26,"column":4},"end":{"line":31,"column":5}},"15":{"start":{"line":30,"column":6},"end":{"line":30,"column":39}},"16":{"start":{"line":35,"column":36},"end":{"line":35,"column":69}},"17":{"start":{"line":36,"column":4},"end":{"line":36,"column":59}},"18":{"start":{"line":40,"column":18},"end":{"line":43,"column":6}},"19":{"start":{"line":45,"column":4},"end":{"line":47,"column":5}},"20":{"start":{"line":46,"column":6},"end":{"line":46,"column":67}},"21":{"start":{"line":49,"column":4},"end":{"line":49,"column":17}},"22":{"start":{"line":56,"column":4},"end":{"line":61,"column":7}},"23":{"start":{"line":70,"column":22},"end":{"line":70,"column":79}},"24":{"start":{"line":72,"column":4},"end":{"line":74,"column":5}},"25":{"start":{"line":73,"column":6},"end":{"line":73,"column":57}},"26":{"start":{"line":76,"column":4},"end":{"line":82,"column":5}},"27":{"start":{"line":77,"column":6},"end":{"line":77,"column":75}},"28":{"start":{"line":78,"column":11},"end":{"line":82,"column":5}},"29":{"start":{"line":79,"column":6},"end":{"line":79,"column":74}},"30":{"start":{"line":81,"column":6},"end":{"line":81,"column":39}},"31":{"start":{"line":92,"column":24},"end":{"line":92,"column":103}},"32":{"start":{"line":93,"column":4},"end":{"line":95,"column":5}},"33":{"start":{"line":94,"column":6},"end":{"line":94,"column":13}},"34":{"start":{"line":97,"column":4},"end":{"line":97,"column":47}},"35":{"start":{"line":98,"column":25},"end":{"line":98,"column":30}},"36":{"start":{"line":100,"column":4},"end":{"line":114,"column":5}},"37":{"start":{"line":100,"column":17},"end":{"line":100,"column":18}},"38":{"start":{"line":101,"column":21},"end":{"line":101,"column":43}},"39":{"start":{"line":103,"column":6},"end":{"line":113,"column":7}},"40":{"start":{"line":104,"column":8},"end":{"line":104,"column":30}},"41":{"start":{"line":106,"column":8},"end":{"line":112,"column":10}},"42":{"start":{"line":116,"column":4},"end":{"line":118,"column":5}},"43":{"start":{"line":117,"column":6},"end":{"line":117,"column":69}},"44":{"start":{"line":129,"column":23},"end":{"line":129,"column":39}},"45":{"start":{"line":130,"column":4},"end":{"line":130,"column":38}},"46":{"start":{"line":131,"column":4},"end":{"line":131,"column":37}},"47":{"start":{"line":132,"column":4},"end":{"line":132,"column":31}},"48":{"start":{"line":133,"column":4},"end":{"line":133,"column":29}},"49":{"start":{"line":134,"column":4},"end":{"line":134,"column":38}},"50":{"start":{"line":135,"column":4},"end":{"line":135,"column":53}},"51":{"start":{"line":137,"column":4},"end":{"line":172,"column":5}},"52":{"start":{"line":139,"column":6},"end":{"line":139,"column":38}},"53":{"start":{"line":141,"column":6},"end":{"line":143,"column":8}},"54":{"start":{"line":142,"column":19},"end":{"line":142,"column":41}},"55":{"start":{"line":144,"column":6},"end":{"line":144,"column":51}},"56":{"start":{"line":146,"column":23},"end":{"line":149,"column":null}},"57":{"start":{"line":151,"column":6},"end":{"line":151,"column":42}},"58":{"start":{"line":152,"column":6},"end":{"line":152,"column":68}},"59":{"start":{"line":154,"column":6},"end":{"line":154,"column":24}},"60":{"start":{"line":157,"column":6},"end":{"line":157,"column":45}},"61":{"start":{"line":158,"column":6},"end":{"line":158,"column":39}},"62":{"start":{"line":161,"column":6},"end":{"line":168,"column":7}},"63":{"start":{"line":162,"column":8},"end":{"line":162,"column":53}},"64":{"start":{"line":163,"column":8},"end":{"line":165,"column":10}},"65":{"start":{"line":164,"column":21},"end":{"line":164,"column":43}},"66":{"start":{"line":167,"column":8},"end":{"line":167,"column":48}},"67":{"start":{"line":170,"column":6},"end":{"line":170,"column":68}},"68":{"start":{"line":171,"column":6},"end":{"line":171,"column":24}},"69":{"start":{"line":180,"column":21},"end":{"line":183,"column":null}},"70":{"start":{"line":186,"column":4},"end":{"line":186,"column":40}},"71":{"start":{"line":187,"column":4},"end":{"line":187,"column":66}},"72":{"start":{"line":188,"column":4},"end":{"line":188,"column":58}},"73":{"start":{"line":196,"column":21},"end":{"line":196,"column":32}},"74":{"start":{"line":197,"column":4},"end":{"line":197,"column":29}},"75":{"start":{"line":198,"column":4},"end":{"line":198,"column":27}},"76":{"start":{"line":199,"column":4},"end":{"line":199,"column":32}},"77":{"start":{"line":200,"column":4},"end":{"line":200,"column":39}},"78":{"start":{"line":201,"column":4},"end":{"line":201,"column":35}},"79":{"start":{"line":202,"column":4},"end":{"line":202,"column":36}},"80":{"start":{"line":203,"column":4},"end":{"line":203,"column":28}},"81":{"start":{"line":205,"column":4},"end":{"line":205,"column":46}},"82":{"start":{"line":206,"column":4},"end":{"line":206,"column":20}},"83":{"start":{"line":216,"column":24},"end":{"line":216,"column":102}},"84":{"start":{"line":217,"column":4},"end":{"line":219,"column":5}},"85":{"start":{"line":218,"column":6},"end":{"line":218,"column":13}},"86":{"start":{"line":222,"column":4},"end":{"line":222,"column":46}},"87":{"start":{"line":223,"column":25},"end":{"line":223,"column":30}},"88":{"start":{"line":225,"column":4},"end":{"line":244,"column":5}},"89":{"start":{"line":225,"column":17},"end":{"line":225,"column":18}},"90":{"start":{"line":226,"column":22},"end":{"line":226,"column":45}},"91":{"start":{"line":228,"column":6},"end":{"line":228,"column":72}},"92":{"start":{"line":230,"column":6},"end":{"line":243,"column":7}},"93":{"start":{"line":235,"column":8},"end":{"line":235,"column":30}},"94":{"start":{"line":236,"column":8},"end":{"line":242,"column":10}},"95":{"start":{"line":246,"column":4},"end":{"line":248,"column":5}},"96":{"start":{"line":247,"column":6},"end":{"line":247,"column":68}},"97":{"start":{"line":258,"column":4},"end":{"line":258,"column":45}},"98":{"start":{"line":259,"column":4},"end":{"line":259,"column":39}},"99":{"start":{"line":260,"column":4},"end":{"line":260,"column":45}},"100":{"start":{"line":263,"column":4},"end":{"line":270,"column":5}},"101":{"start":{"line":264,"column":6},"end":{"line":264,"column":52}},"102":{"start":{"line":267,"column":6},"end":{"line":269,"column":8}},"103":{"start":{"line":268,"column":19},"end":{"line":268,"column":42}},"104":{"start":{"line":272,"column":4},"end":{"line":272,"column":66}},"105":{"start":{"line":274,"column":23},"end":{"line":274,"column":39}},"106":{"start":{"line":275,"column":4},"end":{"line":275,"column":36}},"107":{"start":{"line":276,"column":4},"end":{"line":276,"column":40}},"108":{"start":{"line":277,"column":4},"end":{"line":277,"column":31}},"109":{"start":{"line":278,"column":4},"end":{"line":278,"column":29}},"110":{"start":{"line":279,"column":4},"end":{"line":279,"column":53}},"111":{"start":{"line":281,"column":4},"end":{"line":281,"column":22}},"112":{"start":{"line":289,"column":21},"end":{"line":292,"column":null}},"113":{"start":{"line":295,"column":4},"end":{"line":295,"column":39}},"114":{"start":{"line":296,"column":4},"end":{"line":296,"column":66}},"115":{"start":{"line":297,"column":4},"end":{"line":297,"column":58}},"116":{"start":{"line":302,"column":36},"end":{"line":302,"column":79}},"117":{"start":{"line":304,"column":4},"end":{"line":308,"column":5}},"118":{"start":{"line":305,"column":6},"end":{"line":305,"column":61}},"119":{"start":{"line":305,"column":42},"end":{"line":305,"column":59}},"120":{"start":{"line":306,"column":11},"end":{"line":308,"column":5}},"121":{"start":{"line":307,"column":6},"end":{"line":307,"column":60}},"122":{"start":{"line":307,"column":41},"end":{"line":307,"column":58}},"123":{"start":{"line":310,"column":4},"end":{"line":310,"column":66}},"124":{"start":{"line":311,"column":4},"end":{"line":311,"column":21}},"125":{"start":{"line":317,"column":19},"end":{"line":317,"column":101}},"126":{"start":{"line":319,"column":26},"end":{"line":320,"column":null}},"127":{"start":{"line":320,"column":17},"end":{"line":320,"column":76}},"128":{"start":{"line":323,"column":4},"end":{"line":330,"column":5}},"129":{"start":{"line":324,"column":6},"end":{"line":324,"column":37}},"130":{"start":{"line":325,"column":6},"end":{"line":325,"column":53}},"131":{"start":{"line":327,"column":6},"end":{"line":327,"column":53}},"132":{"start":{"line":328,"column":6},"end":{"line":328,"column":64}},"133":{"start":{"line":329,"column":6},"end":{"line":329,"column":18}},"134":{"start":{"line":332,"column":4},"end":{"line":332,"column":17}},"135":{"start":{"line":14,"column":13},"end":{"line":14,"column":26}},"136":{"start":{"line":14,"column":13},"end":{"line":335,"column":null}}},"fnMap":{"0":{"name":"(anonymous_4)","decl":{"start":{"line":15,"column":2},"end":{"line":15,"column":null}},"loc":{"start":{"line":19,"column":47},"end":{"line":20,"column":6}}},"1":{"name":"(anonymous_5)","decl":{"start":{"line":22,"column":2},"end":{"line":22,"column":7}},"loc":{"start":{"line":22,"column":20},"end":{"line":32,"column":3}}},"2":{"name":"(anonymous_6)","decl":{"start":{"line":34,"column":10},"end":{"line":34,"column":15}},"loc":{"start":{"line":34,"column":35},"end":{"line":37,"column":3}}},"3":{"name":"(anonymous_7)","decl":{"start":{"line":39,"column":2},"end":{"line":39,"column":7}},"loc":{"start":{"line":39,"column":28},"end":{"line":50,"column":3}}},"4":{"name":"(anonymous_8)","decl":{"start":{"line":52,"column":2},"end":{"line":52,"column":7}},"loc":{"start":{"line":54,"column":25},"end":{"line":62,"column":3}}},"5":{"name":"(anonymous_9)","decl":{"start":{"line":64,"column":2},"end":{"line":64,"column":7}},"loc":{"start":{"line":68,"column":21},"end":{"line":83,"column":3}}},"6":{"name":"(anonymous_10)","decl":{"start":{"line":85,"column":10},"end":{"line":85,"column":15}},"loc":{"start":{"line":89,"column":27},"end":{"line":119,"column":3}}},"7":{"name":"(anonymous_11)","decl":{"start":{"line":122,"column":10},"end":{"line":122,"column":15}},"loc":{"start":{"line":127,"column":27},"end":{"line":173,"column":3}}},"8":{"name":"(anonymous_12)","decl":{"start":{"line":142,"column":8},"end":{"line":142,"column":9}},"loc":{"start":{"line":142,"column":19},"end":{"line":142,"column":41}}},"9":{"name":"(anonymous_13)","decl":{"start":{"line":164,"column":10},"end":{"line":164,"column":11}},"loc":{"start":{"line":164,"column":21},"end":{"line":164,"column":43}}},"10":{"name":"(anonymous_14)","decl":{"start":{"line":175,"column":10},"end":{"line":175,"column":15}},"loc":{"start":{"line":178,"column":27},"end":{"line":189,"column":3}}},"11":{"name":"(anonymous_15)","decl":{"start":{"line":191,"column":10},"end":{"line":191,"column":15}},"loc":{"start":{"line":194,"column":29},"end":{"line":207,"column":3}}},"12":{"name":"(anonymous_16)","decl":{"start":{"line":209,"column":10},"end":{"line":209,"column":15}},"loc":{"start":{"line":213,"column":27},"end":{"line":249,"column":3}}},"13":{"name":"(anonymous_17)","decl":{"start":{"line":251,"column":10},"end":{"line":251,"column":15}},"loc":{"start":{"line":256,"column":27},"end":{"line":282,"column":3}}},"14":{"name":"(anonymous_18)","decl":{"start":{"line":268,"column":8},"end":{"line":268,"column":9}},"loc":{"start":{"line":268,"column":19},"end":{"line":268,"column":42}}},"15":{"name":"(anonymous_19)","decl":{"start":{"line":284,"column":10},"end":{"line":284,"column":15}},"loc":{"start":{"line":287,"column":27},"end":{"line":298,"column":3}}},"16":{"name":"(anonymous_20)","decl":{"start":{"line":301,"column":10},"end":{"line":301,"column":15}},"loc":{"start":{"line":301,"column":57},"end":{"line":312,"column":3}}},"17":{"name":"(anonymous_21)","decl":{"start":{"line":305,"column":32},"end":{"line":305,"column":33}},"loc":{"start":{"line":305,"column":42},"end":{"line":305,"column":59}}},"18":{"name":"(anonymous_22)","decl":{"start":{"line":307,"column":31},"end":{"line":307,"column":32}},"loc":{"start":{"line":307,"column":41},"end":{"line":307,"column":58}}},"19":{"name":"(anonymous_23)","decl":{"start":{"line":315,"column":10},"end":{"line":315,"column":15}},"loc":{"start":{"line":315,"column":124},"end":{"line":333,"column":3}}},"20":{"name":"(anonymous_24)","decl":{"start":{"line":320,"column":6},"end":{"line":320,"column":7}},"loc":{"start":{"line":320,"column":17},"end":{"line":320,"column":76}}}},"branchMap":{"0":{"loc":{"start":{"line":26,"column":4},"end":{"line":31,"column":5}},"type":"if","locations":[{"start":{"line":26,"column":4},"end":{"line":31,"column":5}}]},"1":{"loc":{"start":{"line":27,"column":6},"end":{"line":28,"column":47}},"type":"binary-expr","locations":[{"start":{"line":27,"column":6},"end":{"line":27,"column":46}},{"start":{"line":28,"column":6},"end":{"line":28,"column":47}}]},"2":{"loc":{"start":{"line":45,"column":4},"end":{"line":47,"column":5}},"type":"if","locations":[{"start":{"line":45,"column":4},"end":{"line":47,"column":5}}]},"3":{"loc":{"start":{"line":72,"column":4},"end":{"line":74,"column":5}},"type":"if","locations":[{"start":{"line":72,"column":4},"end":{"line":74,"column":5}}]},"4":{"loc":{"start":{"line":76,"column":4},"end":{"line":82,"column":5}},"type":"if","locations":[{"start":{"line":76,"column":4},"end":{"line":82,"column":5}},{"start":{"line":78,"column":11},"end":{"line":82,"column":5}}]},"5":{"loc":{"start":{"line":78,"column":11},"end":{"line":82,"column":5}},"type":"if","locations":[{"start":{"line":78,"column":11},"end":{"line":82,"column":5}},{"start":{"line":80,"column":11},"end":{"line":82,"column":5}}]},"6":{"loc":{"start":{"line":93,"column":4},"end":{"line":95,"column":5}},"type":"if","locations":[{"start":{"line":93,"column":4},"end":{"line":95,"column":5}}]},"7":{"loc":{"start":{"line":103,"column":6},"end":{"line":113,"column":7}},"type":"if","locations":[{"start":{"line":103,"column":6},"end":{"line":113,"column":7}}]},"8":{"loc":{"start":{"line":103,"column":10},"end":{"line":103,"column":74}},"type":"binary-expr","locations":[{"start":{"line":103,"column":10},"end":{"line":103,"column":49}},{"start":{"line":103,"column":53},"end":{"line":103,"column":74}}]},"9":{"loc":{"start":{"line":116,"column":4},"end":{"line":118,"column":5}},"type":"if","locations":[{"start":{"line":116,"column":4},"end":{"line":118,"column":5}}]},"10":{"loc":{"start":{"line":137,"column":4},"end":{"line":172,"column":5}},"type":"if","locations":[{"start":{"line":137,"column":4},"end":{"line":172,"column":5}},{"start":{"line":155,"column":11},"end":{"line":172,"column":5}}]},"11":{"loc":{"start":{"line":161,"column":6},"end":{"line":168,"column":7}},"type":"if","locations":[{"start":{"line":161,"column":6},"end":{"line":168,"column":7}},{"start":{"line":166,"column":13},"end":{"line":168,"column":7}}]},"12":{"loc":{"start":{"line":217,"column":4},"end":{"line":219,"column":5}},"type":"if","locations":[{"start":{"line":217,"column":4},"end":{"line":219,"column":5}}]},"13":{"loc":{"start":{"line":230,"column":6},"end":{"line":243,"column":7}},"type":"if","locations":[{"start":{"line":230,"column":6},"end":{"line":243,"column":7}}]},"14":{"loc":{"start":{"line":231,"column":8},"end":{"line":233,"column":30}},"type":"binary-expr","locations":[{"start":{"line":231,"column":8},"end":{"line":231,"column":49}},{"start":{"line":232,"column":8},"end":{"line":232,"column":32}},{"start":{"line":233,"column":8},"end":{"line":233,"column":30}}]},"15":{"loc":{"start":{"line":246,"column":4},"end":{"line":248,"column":5}},"type":"if","locations":[{"start":{"line":246,"column":4},"end":{"line":248,"column":5}}]},"16":{"loc":{"start":{"line":263,"column":4},"end":{"line":270,"column":5}},"type":"if","locations":[{"start":{"line":263,"column":4},"end":{"line":270,"column":5}}]},"17":{"loc":{"start":{"line":304,"column":4},"end":{"line":308,"column":5}},"type":"if","locations":[{"start":{"line":304,"column":4},"end":{"line":308,"column":5}},{"start":{"line":306,"column":11},"end":{"line":308,"column":5}}]},"18":{"loc":{"start":{"line":304,"column":8},"end":{"line":304,"column":105}},"type":"binary-expr","locations":[{"start":{"line":304,"column":8},"end":{"line":304,"column":46}},{"start":{"line":304,"column":50},"end":{"line":304,"column":70}},{"start":{"line":304,"column":74},"end":{"line":304,"column":105}}]},"19":{"loc":{"start":{"line":306,"column":11},"end":{"line":308,"column":5}},"type":"if","locations":[{"start":{"line":306,"column":11},"end":{"line":308,"column":5}}]},"20":{"loc":{"start":{"line":306,"column":16},"end":{"line":306,"column":110}},"type":"binary-expr","locations":[{"start":{"line":306,"column":16},"end":{"line":306,"column":53}},{"start":{"line":306,"column":57},"end":{"line":306,"column":76}},{"start":{"line":306,"column":80},"end":{"line":306,"column":110}}]},"21":{"loc":{"start":{"line":317,"column":19},"end":{"line":317,"column":101}},"type":"cond-expr","locations":[{"start":{"line":317,"column":59},"end":{"line":317,"column":78}},{"start":{"line":317,"column":81},"end":{"line":317,"column":101}}]},"22":{"loc":{"start":{"line":320,"column":17},"end":{"line":320,"column":76}},"type":"binary-expr","locations":[{"start":{"line":320,"column":17},"end":{"line":320,"column":38}},{"start":{"line":320,"column":42},"end":{"line":320,"column":76}}]},"23":{"loc":{"start":{"line":323,"column":4},"end":{"line":330,"column":5}},"type":"if","locations":[{"start":{"line":323,"column":4},"end":{"line":330,"column":5}}]}},"s":{"0":2,"1":2,"2":2,"3":2,"4":2,"5":2,"6":2,"7":2,"8":2,"9":2,"10":26,"11":26,"12":26,"13":1,"14":1,"15":0,"16":1,"17":1,"18":0,"19":0,"20":0,"21":0,"22":4,"23":5,"24":5,"25":1,"26":4,"27":2,"28":2,"29":2,"30":0,"31":4,"32":4,"33":0,"34":4,"35":4,"36":4,"37":4,"38":1,"39":1,"40":1,"41":1,"42":3,"43":3,"44":1,"45":1,"46":1,"47":1,"48":1,"49":1,"50":1,"51":1,"52":1,"53":1,"54":1,"55":1,"56":1,"57":1,"58":1,"59":1,"60":0,"61":0,"62":0,"63":0,"64":0,"65":0,"66":0,"67":0,"68":0,"69":1,"70":1,"71":1,"72":1,"73":2,"74":2,"75":2,"76":2,"77":2,"78":2,"79":2,"80":2,"81":2,"82":2,"83":1,"84":1,"85":0,"86":1,"87":1,"88":1,"89":1,"90":0,"91":0,"92":0,"93":0,"94":0,"95":1,"96":1,"97":1,"98":1,"99":1,"100":1,"101":1,"102":1,"103":1,"104":1,"105":1,"106":1,"107":1,"108":1,"109":1,"110":1,"111":1,"112":1,"113":1,"114":1,"115":1,"116":7,"117":7,"118":1,"119":3,"120":6,"121":1,"122":4,"123":7,"124":7,"125":5,"126":5,"127":0,"128":5,"129":0,"130":0,"131":0,"132":0,"133":0,"134":5,"135":2,"136":2},"f":{"0":26,"1":1,"2":1,"3":0,"4":4,"5":5,"6":4,"7":1,"8":1,"9":0,"10":1,"11":2,"12":1,"13":1,"14":1,"15":1,"16":7,"17":3,"18":4,"19":5,"20":0},"b":{"0":[0],"1":[1,0],"2":[0],"3":[1],"4":[2,2],"5":[2,0],"6":[0],"7":[1],"8":[1,1],"9":[3],"10":[1,0],"11":[0,0],"12":[0],"13":[0],"14":[0,0,0],"15":[1],"16":[1],"17":[1,6],"18":[7,5,2],"19":[1],"20":[6,2,2],"21":[1,4],"22":[0,0],"23":[0]}}
,"/Users/macbookpro/pre-client-exchange/pre-client-exchange/src/modules/orders/dto/order.dto.ts": {"path":"/Users/macbookpro/pre-client-exchange/pre-client-exchange/src/modules/orders/dto/order.dto.ts","statementMap":{"0":{"start":{"line":6,"column":0},"end":{"line":6,"column":59}},"1":{"start":{"line":8,"column":0},"end":{"line":8,"column":13}},"2":{"start":{"line":11,"column":2},"end":{"line":11,"column":null}},"3":{"start":{"line":14,"column":2},"end":{"line":14,"column":null}},"4":{"start":{"line":17,"column":2},"end":{"line":17,"column":null}},"5":{"start":{"line":20,"column":2},"end":{"line":20,"column":null}}},"fnMap":{},"branchMap":{},"s":{"0":0,"1":0,"2":0,"3":0,"4":0,"5":0},"f":{},"b":{}}
,"/Users/macbookpro/pre-client-exchange/pre-client-exchange/src/modules/orders/entity/order.entity.ts": {"path":"/Users/macbookpro/pre-client-exchange/pre-client-exchange/src/modules/orders/entity/order.entity.ts","statementMap":{"0":{"start":{"line":3,"column":0},"end":{"line":3,"column":76}},"1":{"start":{"line":4,"column":0},"end":{"line":4,"column":70}},"2":{"start":{"line":5,"column":0},"end":{"line":5,"column":84}},"3":{"start":{"line":7,"column":0},"end":{"line":7,"column":null}},"4":{"start":{"line":16,"column":7},"end":{"line":40,"column":null}},"5":{"start":{"line":16,"column":13},"end":{"line":16,"column":18}},"6":{"start":{"line":18,"column":2},"end":{"line":18,"column":null}},"7":{"start":{"line":21,"column":2},"end":{"line":21,"column":null}},"8":{"start":{"line":24,"column":2},"end":{"line":24,"column":null}},"9":{"start":{"line":27,"column":2},"end":{"line":27,"column":null}},"10":{"start":{"line":30,"column":2},"end":{"line":30,"column":null}},"11":{"start":{"line":33,"column":2},"end":{"line":33,"column":null}},"12":{"start":{"line":36,"column":2},"end":{"line":36,"column":null}},"13":{"start":{"line":39,"column":2},"end":{"line":39,"column":null}},"14":{"start":{"line":38,"column":19},"end":{"line":38,"column":29}},"15":{"start":{"line":38,"column":44},"end":{"line":38,"column":57}},"16":{"start":{"line":16,"column":13},"end":{"line":40,"column":null}}},"fnMap":{"0":{"name":"(anonymous_2)","decl":{"start":{"line":38,"column":13},"end":{"line":38,"column":16}},"loc":{"start":{"line":38,"column":19},"end":{"line":38,"column":29}}},"1":{"name":"(anonymous_3)","decl":{"start":{"line":38,"column":31},"end":{"line":38,"column":32}},"loc":{"start":{"line":38,"column":44},"end":{"line":38,"column":57}}}},"branchMap":{},"s":{"0":2,"1":2,"2":2,"3":2,"4":2,"5":2,"6":2,"7":2,"8":2,"9":2,"10":2,"11":2,"12":2,"13":2,"14":0,"15":0,"16":2},"f":{"0":0,"1":0},"b":{}}
,"/Users/macbookpro/pre-client-exchange/pre-client-exchange/src/modules/redis-client/redis-gateway.ts": {"path":"/Users/macbookpro/pre-client-exchange/pre-client-exchange/src/modules/redis-client/redis-gateway.ts","statementMap":{"0":{"start":{"line":2,"column":0},"end":{"line":2,"column":54}},"1":{"start":{"line":4,"column":0},"end":{"line":4,"column":52}},"2":{"start":{"line":7,"column":7},"end":{"line":24,"column":null}},"3":{"start":{"line":8,"column":44},"end":{"line":8,"column":63}},"4":{"start":{"line":11,"column":4},"end":{"line":11,"column":65}},"5":{"start":{"line":15,"column":36},"end":{"line":15,"column":68}},"6":{"start":{"line":17,"column":4},"end":{"line":17,"column":93}},"7":{"start":{"line":21,"column":4},"end":{"line":21,"column":37}},"8":{"start":{"line":7,"column":13},"end":{"line":7,"column":25}},"9":{"start":{"line":7,"column":13},"end":{"line":24,"column":null}}},"fnMap":{"0":{"name":"(anonymous_4)","decl":{"start":{"line":8,"column":1},"end":{"line":8,"column":14}},"loc":{"start":{"line":8,"column":63},"end":{"line":8,"column":67}}},"1":{"name":"(anonymous_5)","decl":{"start":{"line":10,"column":2},"end":{"line":10,"column":7}},"loc":{"start":{"line":10,"column":49},"end":{"line":12,"column":3}}},"2":{"name":"(anonymous_6)","decl":{"start":{"line":14,"column":2},"end":{"line":14,"column":7}},"loc":{"start":{"line":14,"column":26},"end":{"line":18,"column":3}}},"3":{"name":"(anonymous_7)","decl":{"start":{"line":20,"column":2},"end":{"line":20,"column":7}},"loc":{"start":{"line":20,"column":26},"end":{"line":22,"column":3}}}},"branchMap":{"0":{"loc":{"start":{"line":17,"column":11},"end":{"line":17,"column":92}},"type":"cond-expr","locations":[{"start":{"line":17,"column":29},"end":{"line":17,"column":56}},{"start":{"line":17,"column":59},"end":{"line":17,"column":92}}]}},"s":{"0":5,"1":5,"2":5,"3":4,"4":1,"5":2,"6":2,"7":0,"8":5,"9":5},"f":{"0":4,"1":1,"2":2,"3":0},"b":{"0":[1,1]}}
}
