TN:
SF:src/app.controller.ts
FN:6,(anonymous_2)
FN:9,(anonymous_3)
FNF:2
FNH:2
FNDA:1,(anonymous_2)
FNDA:1,(anonymous_3)
DA:1,1
DA:2,1
DA:5,1
DA:6,1
DA:9,1
DA:10,1
LF:6
LH:6
BRF:0
BRH:0
end_of_record
TN:
SF:src/app.module.ts
FNF:0
FNH:0
DA:2,0
DA:3,0
DA:4,0
DA:5,0
DA:6,0
DA:7,0
DA:8,0
DA:9,0
DA:10,0
DA:11,0
DA:40,0
LF:11
LH:0
BRF:0
BRH:0
end_of_record
TN:
SF:src/app.service.ts
FN:5,(anonymous_1)
FNF:1
FNH:1
FNDA:1,(anonymous_1)
DA:1,1
DA:4,1
DA:6,1
LF:3
LH:3
BRF:0
BRH:0
end_of_record
TN:
SF:src/main.ts
FN:4,bootstrap
FNF:1
FNH:0
FNDA:0,bootstrap
DA:1,0
DA:2,0
DA:5,0
DA:6,0
DA:8,0
LF:5
LH:0
BRF:0
BRH:0
end_of_record
TN:
SF:src/common/constants/constants.ts
FNF:0
FNH:0
DA:1,4
LF:1
LH:1
BRF:0
BRH:0
end_of_record
TN:
SF:src/common/enums/order-direction.enum.ts
FN:3,(anonymous_0)
FNF:1
FNH:1
FNDA:2,(anonymous_0)
DA:3,2
DA:4,2
DA:5,2
LF:3
LH:3
BRDA:3,0,0,2
BRDA:3,0,1,2
BRF:2
BRH:2
end_of_record
TN:
SF:src/common/enums/order-status.enum.ts
FN:3,(anonymous_0)
FNF:1
FNH:1
FNDA:2,(anonymous_0)
DA:3,2
DA:4,2
DA:5,2
LF:3
LH:3
BRDA:3,0,0,2
BRDA:3,0,1,2
BRF:2
BRH:2
end_of_record
TN:
SF:src/modules/aggregated-order-book/aggregated-order-book.controller.ts
FN:9,(anonymous_4)
FN:16,(anonymous_5)
FNF:2
FNH:1
FNDA:4,(anonymous_4)
FNDA:0,(anonymous_5)
DA:2,1
DA:3,1
DA:8,1
DA:10,4
DA:16,1
DA:17,0
DA:18,0
LF:7
LH:5
BRF:0
BRH:0
end_of_record
TN:
SF:src/modules/aggregated-order-book/aggregated-order-book.module.ts
FNF:0
FNH:0
DA:1,0
DA:2,0
DA:3,0
DA:4,0
DA:5,0
DA:6,0
DA:13,0
LF:7
LH:0
BRF:0
BRH:0
end_of_record
TN:
SF:src/modules/aggregated-order-book/aggregated-order-book.service.ts
FN:10,(anonymous_2)
FN:12,(anonymous_3)
FN:17,(anonymous_4)
FN:25,(anonymous_5)
FN:35,(anonymous_6)
FN:38,(anonymous_7)
FN:39,(anonymous_8)
FNF:7
FNH:7
FNDA:4,(anonymous_2)
FNDA:1,(anonymous_3)
FNDA:2,(anonymous_4)
FNDA:2,(anonymous_5)
FNDA:1,(anonymous_6)
FNDA:1,(anonymous_7)
FNDA:1,(anonymous_8)
DA:2,2
DA:3,2
DA:5,2
DA:9,2
DA:10,4
DA:14,1
DA:16,1
DA:17,2
DA:24,1
DA:25,2
DA:32,1
DA:36,1
DA:38,1
DA:39,1
DA:41,1
DA:42,1
LF:16
LH:16
BRF:0
BRH:0
end_of_record
TN:
SF:src/modules/aggregated-order-book/dto/aggregated-order-book.dto.ts
FNF:0
FNH:0
DA:6,0
LF:1
LH:0
BRF:0
BRH:0
end_of_record
TN:
SF:src/modules/aggregated-order-book/entity/aggregated-order-book.entity.ts
FN:14,(anonymous_2)
FN:14,(anonymous_3)
FN:18,(anonymous_4)
FN:18,(anonymous_5)
FNF:4
FNH:0
FNDA:0,(anonymous_2)
FNDA:0,(anonymous_3)
FNDA:0,(anonymous_4)
FNDA:0,(anonymous_5)
DA:3,0
DA:4,0
DA:7,0
DA:9,0
DA:12,0
DA:14,0
DA:15,0
DA:18,0
DA:20,0
LF:9
LH:0
BRF:0
BRH:0
end_of_record
TN:
SF:src/modules/order-book/order-book.controller.ts
FNF:0
FNH:0
DA:2,1
DA:5,1
LF:2
LH:2
BRF:0
BRH:0
end_of_record
TN:
SF:src/modules/order-book/order-book.module.ts
FNF:0
FNH:0
DA:1,0
DA:2,0
DA:3,0
DA:4,0
DA:6,0
DA:7,0
DA:14,0
LF:7
LH:0
BRF:0
BRH:0
end_of_record
TN:
SF:src/modules/order-book/order-book.service.ts
FNF:0
FNH:0
DA:2,1
DA:5,1
LF:2
LH:2
BRF:0
BRH:0
end_of_record
TN:
SF:src/modules/order-book-entry/order-book-entry.controller.ts
FNF:0
FNH:0
DA:1,1
DA:4,1
LF:2
LH:2
BRF:0
BRH:0
end_of_record
TN:
SF:src/modules/order-book-entry/order-book-entry.module.ts
FNF:0
FNH:0
DA:1,0
DA:2,0
DA:3,0
DA:9,0
LF:4
LH:0
BRF:0
BRH:0
end_of_record
TN:
SF:src/modules/order-book-entry/order-book-entry.service.ts
FNF:0
FNH:0
DA:1,1
DA:4,1
LF:2
LH:2
BRF:0
BRH:0
end_of_record
TN:
SF:src/modules/order-book-entry/entity/order-book-entry.entity.ts
FN:18,(anonymous_2)
FN:18,(anonymous_3)
FN:19,(anonymous_4)
FN:19,(anonymous_5)
FNF:4
FNH:0
FNDA:0,(anonymous_2)
FNDA:0,(anonymous_3)
FNDA:0,(anonymous_4)
FNDA:0,(anonymous_5)
DA:3,0
DA:4,0
DA:7,0
DA:9,0
DA:12,0
DA:15,0
DA:18,0
DA:19,0
DA:20,0
LF:9
LH:0
BRF:0
BRH:0
end_of_record
TN:
SF:src/modules/order-book/dto/order-book.dto.ts
FNF:0
FNH:0
DA:5,0
LF:1
LH:0
BRF:0
BRH:0
end_of_record
TN:
SF:src/modules/order-match/order-match.controller.ts
FNF:0
FNH:0
DA:1,1
DA:4,1
LF:2
LH:2
BRF:0
BRH:0
end_of_record
TN:
SF:src/modules/order-match/order-match.module.ts
FNF:0
FNH:0
DA:1,0
DA:2,0
DA:3,0
DA:9,0
LF:4
LH:0
BRF:0
BRH:0
end_of_record
TN:
SF:src/modules/order-match/order-match.service.ts
FNF:0
FNH:0
DA:1,1
DA:4,1
LF:2
LH:2
BRF:0
BRH:0
end_of_record
TN:
SF:src/modules/order-match/dto/order-match.dto.ts
FNF:0
FNH:0
DA:4,0
LF:1
LH:0
BRF:0
BRH:0
end_of_record
TN:
SF:src/modules/order-match/entity/order-match.entity.ts
FN:23,(anonymous_2)
FN:26,(anonymous_3)
FN:26,(anonymous_4)
FNF:3
FNH:0
FNDA:0,(anonymous_2)
FNDA:0,(anonymous_3)
FNDA:0,(anonymous_4)
DA:3,2
DA:4,2
DA:7,2
DA:9,2
DA:12,2
DA:15,2
DA:18,2
DA:21,2
DA:23,0
DA:24,2
DA:26,0
DA:27,2
LF:12
LH:10
BRF:0
BRH:0
end_of_record
TN:
SF:src/modules/orders/orders.controller.ts
FN:20,(anonymous_4)
FN:23,(anonymous_5)
FN:30,(anonymous_6)
FN:44,(anonymous_7)
FN:47,(anonymous_8)
FN:58,(anonymous_9)
FNF:6
FNH:6
FNDA:12,(anonymous_4)
FNDA:2,(anonymous_5)
FNDA:8,(anonymous_6)
FNDA:8,(anonymous_7)
FNDA:8,(anonymous_8)
FNDA:1,(anonymous_9)
DA:3,1
DA:13,1
DA:14,1
DA:15,1
DA:19,1
DA:20,12
DA:23,1
DA:26,2
DA:30,1
DA:34,8
DA:39,0
DA:42,8
DA:44,8
DA:45,8
DA:47,8
DA:48,0
DA:51,8
DA:58,1
DA:67,1
DA:69,1
DA:76,1
LF:21
LH:19
BRDA:34,0,0,0
BRDA:47,1,0,0
BRF:2
BRH:0
end_of_record
TN:
SF:src/modules/orders/orders.module.ts
FNF:0
FNH:0
DA:2,0
DA:3,0
DA:4,0
DA:5,0
DA:6,0
DA:7,0
DA:8,0
DA:15,0
LF:8
LH:0
BRF:0
BRH:0
end_of_record
TN:
SF:src/modules/orders/orders.service.ts
FN:15,(anonymous_4)
FN:22,(anonymous_5)
FN:34,(anonymous_6)
FN:39,(anonymous_7)
FN:52,(anonymous_8)
FN:64,(anonymous_9)
FN:85,(anonymous_10)
FN:122,(anonymous_11)
FN:142,(anonymous_12)
FN:164,(anonymous_13)
FN:175,(anonymous_14)
FN:191,(anonymous_15)
FN:209,(anonymous_16)
FN:251,(anonymous_17)
FN:268,(anonymous_18)
FN:284,(anonymous_19)
FN:301,(anonymous_20)
FN:305,(anonymous_21)
FN:307,(anonymous_22)
FN:315,(anonymous_23)
FN:320,(anonymous_24)
FNF:21
FNH:18
FNDA:26,(anonymous_4)
FNDA:1,(anonymous_5)
FNDA:1,(anonymous_6)
FNDA:0,(anonymous_7)
FNDA:4,(anonymous_8)
FNDA:5,(anonymous_9)
FNDA:4,(anonymous_10)
FNDA:1,(anonymous_11)
FNDA:1,(anonymous_12)
FNDA:0,(anonymous_13)
FNDA:1,(anonymous_14)
FNDA:2,(anonymous_15)
FNDA:1,(anonymous_16)
FNDA:1,(anonymous_17)
FNDA:1,(anonymous_18)
FNDA:1,(anonymous_19)
FNDA:7,(anonymous_20)
FNDA:3,(anonymous_21)
FNDA:4,(anonymous_22)
FNDA:5,(anonymous_23)
FNDA:0,(anonymous_24)
DA:2,2
DA:3,2
DA:4,2
DA:5,2
DA:6,2
DA:7,2
DA:8,2
DA:9,2
DA:11,2
DA:14,2
DA:16,26
DA:18,26
DA:19,26
DA:24,1
DA:26,1
DA:30,0
DA:35,1
DA:36,1
DA:40,0
DA:45,0
DA:46,0
DA:49,0
DA:56,4
DA:70,5
DA:72,5
DA:73,1
DA:76,4
DA:77,2
DA:78,2
DA:79,2
DA:81,0
DA:92,4
DA:93,4
DA:94,0
DA:97,4
DA:98,4
DA:100,4
DA:101,1
DA:103,1
DA:104,1
DA:106,1
DA:116,3
DA:117,3
DA:129,1
DA:130,1
DA:131,1
DA:132,1
DA:133,1
DA:134,1
DA:135,1
DA:137,1
DA:139,1
DA:141,1
DA:142,1
DA:144,1
DA:146,1
DA:151,1
DA:152,1
DA:154,1
DA:157,0
DA:158,0
DA:161,0
DA:162,0
DA:163,0
DA:164,0
DA:167,0
DA:170,0
DA:171,0
DA:180,1
DA:186,1
DA:187,1
DA:188,1
DA:196,2
DA:197,2
DA:198,2
DA:199,2
DA:200,2
DA:201,2
DA:202,2
DA:203,2
DA:205,2
DA:206,2
DA:216,1
DA:217,1
DA:218,0
DA:222,1
DA:223,1
DA:225,1
DA:226,0
DA:228,0
DA:230,0
DA:235,0
DA:236,0
DA:246,1
DA:247,1
DA:258,1
DA:259,1
DA:260,1
DA:263,1
DA:264,1
DA:267,1
DA:268,1
DA:272,1
DA:274,1
DA:275,1
DA:276,1
DA:277,1
DA:278,1
DA:279,1
DA:281,1
DA:289,1
DA:295,1
DA:296,1
DA:297,1
DA:302,7
DA:304,7
DA:305,3
DA:306,6
DA:307,4
DA:310,7
DA:311,7
DA:317,5
DA:319,5
DA:320,0
DA:323,5
DA:324,0
DA:325,0
DA:327,0
DA:328,0
DA:329,0
DA:332,5
LF:131
LH:103
BRDA:26,0,0,0
BRDA:27,1,0,1
BRDA:27,1,1,0
BRDA:45,2,0,0
BRDA:72,3,0,1
BRDA:76,4,0,2
BRDA:76,4,1,2
BRDA:78,5,0,2
BRDA:78,5,1,0
BRDA:93,6,0,0
BRDA:103,7,0,1
BRDA:103,8,0,1
BRDA:103,8,1,1
BRDA:116,9,0,3
BRDA:137,10,0,1
BRDA:137,10,1,0
BRDA:161,11,0,0
BRDA:161,11,1,0
BRDA:217,12,0,0
BRDA:230,13,0,0
BRDA:231,14,0,0
BRDA:231,14,1,0
BRDA:231,14,2,0
BRDA:246,15,0,1
BRDA:263,16,0,1
BRDA:304,17,0,1
BRDA:304,17,1,6
BRDA:304,18,0,7
BRDA:304,18,1,5
BRDA:304,18,2,2
BRDA:306,19,0,1
BRDA:306,20,0,6
BRDA:306,20,1,2
BRDA:306,20,2,2
BRDA:317,21,0,1
BRDA:317,21,1,4
BRDA:320,22,0,0
BRDA:320,22,1,0
BRDA:323,23,0,0
BRF:39
BRH:23
end_of_record
TN:
SF:src/modules/orders/dto/order.dto.ts
FNF:0
FNH:0
DA:6,0
DA:8,0
DA:11,0
DA:14,0
DA:17,0
DA:20,0
LF:6
LH:0
BRF:0
BRH:0
end_of_record
TN:
SF:src/modules/orders/entity/order.entity.ts
FN:38,(anonymous_2)
FN:38,(anonymous_3)
FNF:2
FNH:0
FNDA:0,(anonymous_2)
FNDA:0,(anonymous_3)
DA:3,2
DA:4,2
DA:5,2
DA:7,2
DA:16,2
DA:18,2
DA:21,2
DA:24,2
DA:27,2
DA:30,2
DA:33,2
DA:36,2
DA:38,0
DA:39,2
LF:14
LH:13
BRF:0
BRH:0
end_of_record
TN:
SF:src/modules/redis-client/redis-gateway.ts
FN:8,(anonymous_4)
FN:10,(anonymous_5)
FN:14,(anonymous_6)
FN:20,(anonymous_7)
FNF:4
FNH:3
FNDA:4,(anonymous_4)
FNDA:1,(anonymous_5)
FNDA:2,(anonymous_6)
FNDA:0,(anonymous_7)
DA:2,5
DA:4,5
DA:7,5
DA:8,4
DA:11,1
DA:15,2
DA:17,2
DA:21,0
LF:8
LH:7
BRDA:17,0,0,1
BRDA:17,0,1,1
BRF:2
BRH:2
end_of_record
